<?xml version="1.0" encoding="UTF-8"?>
<!-- Generated by org.testng.reporters.JUnitReportReporter -->
<testsuite hostname="evy" failures="0" tests="1" name="tests.LoginTests" time="5.572" errors="0" timestamp="2022-11-21T12:30:20 IST" skipped="0">
  <testcase classname="tests.LoginTests" name="loginTest" time="5.572"/>
  <system-out/>
</testsuite> <!-- tests.LoginTests -->
